2024-01-23 07:26:13.298 | INFO     | __main__:main:97 - Demo options: 
 Namespace(cfg='data/pare/checkpoints/pare_w_3dpw_config.yaml', ckpt='data/pare/checkpoints/pare_w_3dpw_checkpoint.ckpt', exp='', mode='video', vid_file='/content/drive/MyDrive/1st-year-project/Study1/Stimuli_psRec/COCO_train2014_000000108301.jpg', image_folder=None, output_folder='/content/drive/MyDrive/1st-year-project/Study1/Annotation/PARE_logs/demo', tracking_method='bbox', detector='yolo', yolo_img_size=416, tracker_batch_size=12, staf_dir='/home/mkocabas/developments/openposetrack', batch_size=16, display=False, smooth=False, min_cutoff=0.004, beta=1.0, no_render=False, no_save=False, wireframe=False, sideview=False, draw_keypoints=False, save_obj=False, smplify=False)
2024-01-23 07:26:13.889 | INFO     | pare.models.backbone.hrnet:init_weights:530 - => init weights from normal distribution
2024-01-23 07:26:14.249 | WARNING  | pare.models.backbone.hrnet:init_weights:558 - IMPORTANT WARNING!! Please download pre-trained models if you are in TRAINING mode!
2024-01-23 07:26:14.250 | INFO     | pare.models.head.pare_head:__init__:125 - "Keypoint Attention" should be activated to be able to use part segmentation
2024-01-23 07:26:14.250 | INFO     | pare.models.head.pare_head:__init__:126 - Overriding use_keypoint_attention
2024-01-23 07:26:14.275 | INFO     | pare.models.head.pare_head:__init__:327 - Keypoint attention is active
2024-01-23 07:26:14.787 | INFO     | pare.core.tester:_load_pretrained_model:117 - Loading pretrained model from data/pare/checkpoints/pare_w_3dpw_checkpoint.ckpt
2024-01-23 07:26:15.380 | WARNING  | pare.utils.train_utils:load_pretrained_model:45 - Removing "model." keyword from state_dict keys..
2024-01-23 07:26:15.447 | INFO     | pare.core.tester:_load_pretrained_model:120 - Loaded pretrained weights from "data/pare/checkpoints/pare_w_3dpw_checkpoint.ckpt"
2024-01-23 07:26:15.455 | INFO     | __main__:main:103 - Input video number of frames 1
2024-01-23 07:26:16.465 | INFO     | pare.core.tester:run_on_video:362 - Running PARE on each tracklet...
2024-01-23 07:26:17.446 | INFO     | pare.core.tester:run_on_video:437 - Converting smpl keypoints 2d to original image coordinate
2024-01-23 07:26:17.452 | INFO     | __main__:main:115 - PARE FPS: 1.02
2024-01-23 07:26:17.453 | INFO     | __main__:main:117 - Total time spent: 2.00 seconds (including model loading time).
2024-01-23 07:26:17.453 | INFO     | __main__:main:118 - Total FPS (including model loading time): 0.50.
2024-01-23 07:26:17.454 | INFO     | __main__:main:121 - Saving output results to "/content/drive/MyDrive/1st-year-project/Study1/Annotation/PARE_logs/demo/COCO_train2014_000000108301.jpg/pare_output.pkl".
2024-01-23 07:26:17.610 | INFO     | pare.core.tester:render_results:470 - Rendering output video, writing frames to /content/drive/MyDrive/1st-year-project/Study1/Annotation/PARE_logs/demo/COCO_train2014_000000108301.jpg/tmp_images_output
2024-01-23 07:26:18.132 | INFO     | __main__:main:132 - Saving result video to /content/drive/MyDrive/1st-year-project/Study1/Annotation/PARE_logs/demo/COCO_train2014_000000108301.jpg/COCO_train2014_000000108301.jpg__result.mp4
2024-01-23 07:26:18.447 | INFO     | __main__:main:160 - ================= END =================
