2024-01-23 07:26:25.610 | INFO     | __main__:main:97 - Demo options: 
 Namespace(cfg='data/pare/checkpoints/pare_w_3dpw_config.yaml', ckpt='data/pare/checkpoints/pare_w_3dpw_checkpoint.ckpt', exp='', mode='video', vid_file='/content/drive/MyDrive/1st-year-project/Study1/Stimuli_psRec/COCO_train2014_000000110488.jpg', image_folder=None, output_folder='/content/drive/MyDrive/1st-year-project/Study1/Annotation/PARE_logs/demo', tracking_method='bbox', detector='yolo', yolo_img_size=416, tracker_batch_size=12, staf_dir='/home/mkocabas/developments/openposetrack', batch_size=16, display=False, smooth=False, min_cutoff=0.004, beta=1.0, no_render=False, no_save=False, wireframe=False, sideview=False, draw_keypoints=False, save_obj=False, smplify=False)
2024-01-23 07:26:26.195 | INFO     | pare.models.backbone.hrnet:init_weights:530 - => init weights from normal distribution
2024-01-23 07:26:26.561 | WARNING  | pare.models.backbone.hrnet:init_weights:558 - IMPORTANT WARNING!! Please download pre-trained models if you are in TRAINING mode!
2024-01-23 07:26:26.562 | INFO     | pare.models.head.pare_head:__init__:125 - "Keypoint Attention" should be activated to be able to use part segmentation
2024-01-23 07:26:26.563 | INFO     | pare.models.head.pare_head:__init__:126 - Overriding use_keypoint_attention
2024-01-23 07:26:26.589 | INFO     | pare.models.head.pare_head:__init__:327 - Keypoint attention is active
2024-01-23 07:26:27.094 | INFO     | pare.core.tester:_load_pretrained_model:117 - Loading pretrained model from data/pare/checkpoints/pare_w_3dpw_checkpoint.ckpt
2024-01-23 07:26:27.650 | WARNING  | pare.utils.train_utils:load_pretrained_model:45 - Removing "model." keyword from state_dict keys..
2024-01-23 07:26:27.766 | INFO     | pare.core.tester:_load_pretrained_model:120 - Loaded pretrained weights from "data/pare/checkpoints/pare_w_3dpw_checkpoint.ckpt"
2024-01-23 07:26:27.778 | INFO     | __main__:main:103 - Input video number of frames 1
2024-01-23 07:26:29.223 | INFO     | pare.core.tester:run_on_video:362 - Running PARE on each tracklet...
2024-01-23 07:26:30.501 | INFO     | pare.core.tester:run_on_video:437 - Converting smpl keypoints 2d to original image coordinate
2024-01-23 07:26:30.508 | INFO     | __main__:main:115 - PARE FPS: 0.78
2024-01-23 07:26:30.509 | INFO     | __main__:main:117 - Total time spent: 2.73 seconds (including model loading time).
2024-01-23 07:26:30.509 | INFO     | __main__:main:118 - Total FPS (including model loading time): 0.37.
2024-01-23 07:26:30.510 | INFO     | __main__:main:121 - Saving output results to "/content/drive/MyDrive/1st-year-project/Study1/Annotation/PARE_logs/demo/COCO_train2014_000000110488.jpg/pare_output.pkl".
2024-01-23 07:26:30.667 | INFO     | pare.core.tester:render_results:470 - Rendering output video, writing frames to /content/drive/MyDrive/1st-year-project/Study1/Annotation/PARE_logs/demo/COCO_train2014_000000110488.jpg/tmp_images_output
2024-01-23 07:26:31.151 | INFO     | __main__:main:132 - Saving result video to /content/drive/MyDrive/1st-year-project/Study1/Annotation/PARE_logs/demo/COCO_train2014_000000110488.jpg/COCO_train2014_000000110488.jpg__result.mp4
2024-01-23 07:26:31.444 | INFO     | __main__:main:160 - ================= END =================
