2024-01-23 00:34:56.668 | INFO     | __main__:main:97 - Demo options: 
 Namespace(cfg='data/pare/checkpoints/pare_w_3dpw_config.yaml', ckpt='data/pare/checkpoints/pare_w_3dpw_checkpoint.ckpt', exp='', mode='video', vid_file='/content/drive/MyDrive/1st-year-project/Study1/Stimuli_psRec/COCO_train2014_000000164142.jpg', image_folder=None, output_folder='/content/drive/MyDrive/1st-year-project/Study1/Annotation/PARE_logs/demo', tracking_method='bbox', detector='yolo', yolo_img_size=416, tracker_batch_size=12, staf_dir='/home/mkocabas/developments/openposetrack', batch_size=16, display=False, smooth=False, min_cutoff=0.004, beta=1.0, no_render=False, no_save=False, wireframe=False, sideview=False, draw_keypoints=False, save_obj=False, smplify=False)
2024-01-23 00:34:57.247 | INFO     | pare.models.backbone.hrnet:init_weights:530 - => init weights from normal distribution
2024-01-23 00:34:57.602 | WARNING  | pare.models.backbone.hrnet:init_weights:558 - IMPORTANT WARNING!! Please download pre-trained models if you are in TRAINING mode!
2024-01-23 00:34:57.603 | INFO     | pare.models.head.pare_head:__init__:125 - "Keypoint Attention" should be activated to be able to use part segmentation
2024-01-23 00:34:57.603 | INFO     | pare.models.head.pare_head:__init__:126 - Overriding use_keypoint_attention
2024-01-23 00:34:57.628 | INFO     | pare.models.head.pare_head:__init__:327 - Keypoint attention is active
2024-01-23 00:34:58.118 | INFO     | pare.core.tester:_load_pretrained_model:117 - Loading pretrained model from data/pare/checkpoints/pare_w_3dpw_checkpoint.ckpt
2024-01-23 00:34:58.559 | WARNING  | pare.utils.train_utils:load_pretrained_model:45 - Removing "model." keyword from state_dict keys..
2024-01-23 00:34:58.627 | INFO     | pare.core.tester:_load_pretrained_model:120 - Loaded pretrained weights from "data/pare/checkpoints/pare_w_3dpw_checkpoint.ckpt"
2024-01-23 00:34:58.635 | INFO     | __main__:main:103 - Input video number of frames 1
2024-01-23 00:34:59.621 | INFO     | pare.core.tester:run_on_video:362 - Running PARE on each tracklet...
2024-01-23 00:35:00.769 | INFO     | pare.core.tester:run_on_video:437 - Converting smpl keypoints 2d to original image coordinate
2024-01-23 00:35:00.775 | INFO     | __main__:main:115 - PARE FPS: 0.87
2024-01-23 00:35:00.776 | INFO     | __main__:main:117 - Total time spent: 2.14 seconds (including model loading time).
2024-01-23 00:35:00.776 | INFO     | __main__:main:118 - Total FPS (including model loading time): 0.47.
2024-01-23 00:35:00.776 | INFO     | __main__:main:121 - Saving output results to "/content/drive/MyDrive/1st-year-project/Study1/Annotation/PARE_logs/demo/COCO_train2014_000000164142.jpg/pare_output.pkl".
2024-01-23 00:35:00.939 | INFO     | pare.core.tester:render_results:470 - Rendering output video, writing frames to /content/drive/MyDrive/1st-year-project/Study1/Annotation/PARE_logs/demo/COCO_train2014_000000164142.jpg/tmp_images_output
2024-01-23 00:35:01.482 | INFO     | __main__:main:132 - Saving result video to /content/drive/MyDrive/1st-year-project/Study1/Annotation/PARE_logs/demo/COCO_train2014_000000164142.jpg/COCO_train2014_000000164142.jpg__result.mp4
2024-01-23 00:35:01.726 | INFO     | __main__:main:160 - ================= END =================
2024-01-23 00:37:34.149 | INFO     | __main__:main:97 - Demo options: 
 Namespace(cfg='data/pare/checkpoints/pare_w_3dpw_config.yaml', ckpt='data/pare/checkpoints/pare_w_3dpw_checkpoint.ckpt', exp='', mode='video', vid_file='/content/drive/MyDrive/1st-year-project/Study1/Stimuli_psRec/COCO_train2014_000000164142.jpg', image_folder=None, output_folder='/content/drive/MyDrive/1st-year-project/Study1/Annotation/PARE_logs/demo', tracking_method='bbox', detector='yolo', yolo_img_size=416, tracker_batch_size=12, staf_dir='/home/mkocabas/developments/openposetrack', batch_size=16, display=False, smooth=False, min_cutoff=0.004, beta=1.0, no_render=False, no_save=False, wireframe=False, sideview=False, draw_keypoints=False, save_obj=False, smplify=False)
2024-01-23 00:37:34.504 | INFO     | pare.models.backbone.hrnet:init_weights:530 - => init weights from normal distribution
2024-01-23 00:37:34.721 | WARNING  | pare.models.backbone.hrnet:init_weights:558 - IMPORTANT WARNING!! Please download pre-trained models if you are in TRAINING mode!
2024-01-23 00:37:34.722 | INFO     | pare.models.head.pare_head:__init__:125 - "Keypoint Attention" should be activated to be able to use part segmentation
2024-01-23 00:37:34.722 | INFO     | pare.models.head.pare_head:__init__:126 - Overriding use_keypoint_attention
2024-01-23 00:37:34.738 | INFO     | pare.models.head.pare_head:__init__:327 - Keypoint attention is active
2024-01-23 00:37:35.151 | INFO     | pare.core.tester:_load_pretrained_model:117 - Loading pretrained model from data/pare/checkpoints/pare_w_3dpw_checkpoint.ckpt
2024-01-23 00:37:35.603 | WARNING  | pare.utils.train_utils:load_pretrained_model:45 - Removing "model." keyword from state_dict keys..
2024-01-23 00:37:35.669 | INFO     | pare.core.tester:_load_pretrained_model:120 - Loaded pretrained weights from "data/pare/checkpoints/pare_w_3dpw_checkpoint.ckpt"
2024-01-23 00:37:35.677 | INFO     | __main__:main:103 - Input video number of frames 1
2024-01-23 00:37:36.670 | INFO     | pare.core.tester:run_on_video:362 - Running PARE on each tracklet...
2024-01-23 00:37:37.902 | INFO     | pare.core.tester:run_on_video:437 - Converting smpl keypoints 2d to original image coordinate
2024-01-23 00:37:37.909 | INFO     | __main__:main:115 - PARE FPS: 0.81
2024-01-23 00:37:37.910 | INFO     | __main__:main:117 - Total time spent: 2.23 seconds (including model loading time).
2024-01-23 00:37:37.910 | INFO     | __main__:main:118 - Total FPS (including model loading time): 0.45.
2024-01-23 00:37:37.910 | INFO     | __main__:main:121 - Saving output results to "/content/drive/MyDrive/1st-year-project/Study1/Annotation/PARE_logs/demo/COCO_train2014_000000164142.jpg/pare_output.pkl".
2024-01-23 00:37:38.073 | INFO     | pare.core.tester:render_results:470 - Rendering output video, writing frames to /content/drive/MyDrive/1st-year-project/Study1/Annotation/PARE_logs/demo/COCO_train2014_000000164142.jpg/tmp_images_output
2024-01-23 00:37:38.646 | INFO     | __main__:main:132 - Saving result video to /content/drive/MyDrive/1st-year-project/Study1/Annotation/PARE_logs/demo/COCO_train2014_000000164142.jpg/COCO_train2014_000000164142.jpg__result.mp4
2024-01-23 00:37:38.899 | INFO     | __main__:main:160 - ================= END =================
2024-01-23 00:42:39.648 | INFO     | __main__:main:97 - Demo options: 
 Namespace(cfg='data/pare/checkpoints/pare_w_3dpw_config.yaml', ckpt='data/pare/checkpoints/pare_w_3dpw_checkpoint.ckpt', exp='', mode='video', vid_file='/content/drive/MyDrive/1st-year-project/Study1/Stimuli_psRec/COCO_train2014_000000164142.jpg', image_folder=None, output_folder='/content/drive/MyDrive/1st-year-project/Study1/Annotation/PARE_logs/demo', tracking_method='bbox', detector='yolo', yolo_img_size=416, tracker_batch_size=12, staf_dir='/home/mkocabas/developments/openposetrack', batch_size=16, display=False, smooth=False, min_cutoff=0.004, beta=1.0, no_render=False, no_save=False, wireframe=False, sideview=False, draw_keypoints=False, save_obj=False, smplify=False)
2024-01-23 00:42:40.015 | INFO     | pare.models.backbone.hrnet:init_weights:530 - => init weights from normal distribution
2024-01-23 00:42:40.233 | WARNING  | pare.models.backbone.hrnet:init_weights:558 - IMPORTANT WARNING!! Please download pre-trained models if you are in TRAINING mode!
2024-01-23 00:42:40.234 | INFO     | pare.models.head.pare_head:__init__:125 - "Keypoint Attention" should be activated to be able to use part segmentation
2024-01-23 00:42:40.235 | INFO     | pare.models.head.pare_head:__init__:126 - Overriding use_keypoint_attention
2024-01-23 00:42:40.250 | INFO     | pare.models.head.pare_head:__init__:327 - Keypoint attention is active
2024-01-23 00:42:40.675 | INFO     | pare.core.tester:_load_pretrained_model:117 - Loading pretrained model from data/pare/checkpoints/pare_w_3dpw_checkpoint.ckpt
2024-01-23 00:42:41.189 | WARNING  | pare.utils.train_utils:load_pretrained_model:45 - Removing "model." keyword from state_dict keys..
2024-01-23 00:42:41.313 | INFO     | pare.core.tester:_load_pretrained_model:120 - Loaded pretrained weights from "data/pare/checkpoints/pare_w_3dpw_checkpoint.ckpt"
2024-01-23 00:42:41.327 | INFO     | __main__:main:103 - Input video number of frames 1
2024-01-23 00:42:42.838 | INFO     | pare.core.tester:run_on_video:362 - Running PARE on each tracklet...
2024-01-23 00:42:44.462 | INFO     | pare.core.tester:run_on_video:437 - Converting smpl keypoints 2d to original image coordinate
2024-01-23 00:42:44.471 | INFO     | __main__:main:115 - PARE FPS: 0.61
2024-01-23 00:42:44.472 | INFO     | __main__:main:117 - Total time spent: 3.14 seconds (including model loading time).
2024-01-23 00:42:44.472 | INFO     | __main__:main:118 - Total FPS (including model loading time): 0.32.
2024-01-23 00:42:44.473 | INFO     | __main__:main:121 - Saving output results to "/content/drive/MyDrive/1st-year-project/Study1/Annotation/PARE_logs/demo/COCO_train2014_000000164142.jpg/pare_output.pkl".
2024-01-23 00:42:44.686 | INFO     | pare.core.tester:render_results:470 - Rendering output video, writing frames to /content/drive/MyDrive/1st-year-project/Study1/Annotation/PARE_logs/demo/COCO_train2014_000000164142.jpg/tmp_images_output
2024-01-23 00:42:45.430 | INFO     | __main__:main:132 - Saving result video to /content/drive/MyDrive/1st-year-project/Study1/Annotation/PARE_logs/demo/COCO_train2014_000000164142.jpg/COCO_train2014_000000164142.jpg__result.mp4
2024-01-23 00:42:45.785 | INFO     | __main__:main:160 - ================= END =================
