2024-01-23 00:06:19.721 | INFO     | __main__:main:97 - Demo options: 
 Namespace(cfg='data/pare/checkpoints/pare_w_3dpw_config.yaml', ckpt='data/pare/checkpoints/pare_w_3dpw_checkpoint.ckpt', exp='', mode='video', vid_file='/content/drive/MyDrive/1st-year-project/Study1/Stimuli_psRec/COCO_train2014_000000162102.jpg', image_folder=None, output_folder='/content/drive/MyDrive/1st-year-project/Study1/Annotation/PARE_logs/demo', tracking_method='bbox', detector='yolo', yolo_img_size=416, tracker_batch_size=12, staf_dir='/home/mkocabas/developments/openposetrack', batch_size=16, display=False, smooth=False, min_cutoff=0.004, beta=1.0, no_render=False, no_save=False, wireframe=False, sideview=False, draw_keypoints=False, save_obj=False, smplify=False)
2024-01-23 00:06:20.292 | INFO     | pare.models.backbone.hrnet:init_weights:530 - => init weights from normal distribution
2024-01-23 00:06:20.690 | WARNING  | pare.models.backbone.hrnet:init_weights:558 - IMPORTANT WARNING!! Please download pre-trained models if you are in TRAINING mode!
2024-01-23 00:06:20.691 | INFO     | pare.models.head.pare_head:__init__:125 - "Keypoint Attention" should be activated to be able to use part segmentation
2024-01-23 00:06:20.692 | INFO     | pare.models.head.pare_head:__init__:126 - Overriding use_keypoint_attention
2024-01-23 00:06:20.720 | INFO     | pare.models.head.pare_head:__init__:327 - Keypoint attention is active
2024-01-23 00:06:21.248 | INFO     | pare.core.tester:_load_pretrained_model:117 - Loading pretrained model from data/pare/checkpoints/pare_w_3dpw_checkpoint.ckpt
2024-01-23 00:06:21.862 | WARNING  | pare.utils.train_utils:load_pretrained_model:45 - Removing "model." keyword from state_dict keys..
2024-01-23 00:06:21.978 | INFO     | pare.core.tester:_load_pretrained_model:120 - Loaded pretrained weights from "data/pare/checkpoints/pare_w_3dpw_checkpoint.ckpt"
2024-01-23 00:06:21.992 | INFO     | __main__:main:103 - Input video number of frames 1
2024-01-23 00:06:23.494 | INFO     | pare.core.tester:run_on_video:362 - Running PARE on each tracklet...
2024-01-23 00:06:24.643 | INFO     | pare.core.tester:run_on_video:437 - Converting smpl keypoints 2d to original image coordinate
2024-01-23 00:06:24.649 | INFO     | __main__:main:115 - PARE FPS: 0.87
2024-01-23 00:06:24.650 | INFO     | __main__:main:117 - Total time spent: 2.66 seconds (including model loading time).
2024-01-23 00:06:24.650 | INFO     | __main__:main:118 - Total FPS (including model loading time): 0.38.
2024-01-23 00:06:24.650 | INFO     | __main__:main:121 - Saving output results to "/content/drive/MyDrive/1st-year-project/Study1/Annotation/PARE_logs/demo/COCO_train2014_000000162102.jpg/pare_output.pkl".
2024-01-23 00:06:24.807 | INFO     | pare.core.tester:render_results:470 - Rendering output video, writing frames to /content/drive/MyDrive/1st-year-project/Study1/Annotation/PARE_logs/demo/COCO_train2014_000000162102.jpg/tmp_images_output
2024-01-23 00:06:25.300 | INFO     | __main__:main:132 - Saving result video to /content/drive/MyDrive/1st-year-project/Study1/Annotation/PARE_logs/demo/COCO_train2014_000000162102.jpg/COCO_train2014_000000162102.jpg__result.mp4
2024-01-23 00:06:25.539 | INFO     | __main__:main:160 - ================= END =================
2024-01-23 00:08:07.346 | INFO     | __main__:main:97 - Demo options: 
 Namespace(cfg='data/pare/checkpoints/pare_w_3dpw_config.yaml', ckpt='data/pare/checkpoints/pare_w_3dpw_checkpoint.ckpt', exp='', mode='video', vid_file='/content/drive/MyDrive/1st-year-project/Study1/Stimuli_psRec/COCO_train2014_000000162102.jpg', image_folder=None, output_folder='/content/drive/MyDrive/1st-year-project/Study1/Annotation/PARE_logs/demo', tracking_method='bbox', detector='yolo', yolo_img_size=416, tracker_batch_size=12, staf_dir='/home/mkocabas/developments/openposetrack', batch_size=16, display=False, smooth=False, min_cutoff=0.004, beta=1.0, no_render=False, no_save=False, wireframe=False, sideview=False, draw_keypoints=False, save_obj=False, smplify=False)
2024-01-23 00:08:07.822 | INFO     | pare.models.backbone.hrnet:init_weights:530 - => init weights from normal distribution
2024-01-23 00:08:08.193 | WARNING  | pare.models.backbone.hrnet:init_weights:558 - IMPORTANT WARNING!! Please download pre-trained models if you are in TRAINING mode!
2024-01-23 00:08:08.194 | INFO     | pare.models.head.pare_head:__init__:125 - "Keypoint Attention" should be activated to be able to use part segmentation
2024-01-23 00:08:08.194 | INFO     | pare.models.head.pare_head:__init__:126 - Overriding use_keypoint_attention
2024-01-23 00:08:08.221 | INFO     | pare.models.head.pare_head:__init__:327 - Keypoint attention is active
2024-01-23 00:08:08.726 | INFO     | pare.core.tester:_load_pretrained_model:117 - Loading pretrained model from data/pare/checkpoints/pare_w_3dpw_checkpoint.ckpt
2024-01-23 00:08:09.282 | WARNING  | pare.utils.train_utils:load_pretrained_model:45 - Removing "model." keyword from state_dict keys..
2024-01-23 00:08:09.403 | INFO     | pare.core.tester:_load_pretrained_model:120 - Loaded pretrained weights from "data/pare/checkpoints/pare_w_3dpw_checkpoint.ckpt"
2024-01-23 00:08:09.420 | INFO     | __main__:main:103 - Input video number of frames 1
2024-01-23 00:08:10.939 | INFO     | pare.core.tester:run_on_video:362 - Running PARE on each tracklet...
2024-01-23 00:08:12.391 | INFO     | pare.core.tester:run_on_video:437 - Converting smpl keypoints 2d to original image coordinate
2024-01-23 00:08:12.397 | INFO     | __main__:main:115 - PARE FPS: 0.69
2024-01-23 00:08:12.398 | INFO     | __main__:main:117 - Total time spent: 2.98 seconds (including model loading time).
2024-01-23 00:08:12.398 | INFO     | __main__:main:118 - Total FPS (including model loading time): 0.34.
2024-01-23 00:08:12.398 | INFO     | __main__:main:121 - Saving output results to "/content/drive/MyDrive/1st-year-project/Study1/Annotation/PARE_logs/demo/COCO_train2014_000000162102.jpg/pare_output.pkl".
2024-01-23 00:08:12.554 | INFO     | pare.core.tester:render_results:470 - Rendering output video, writing frames to /content/drive/MyDrive/1st-year-project/Study1/Annotation/PARE_logs/demo/COCO_train2014_000000162102.jpg/tmp_images_output
2024-01-23 00:08:13.024 | INFO     | __main__:main:132 - Saving result video to /content/drive/MyDrive/1st-year-project/Study1/Annotation/PARE_logs/demo/COCO_train2014_000000162102.jpg/COCO_train2014_000000162102.jpg__result.mp4
2024-01-23 00:08:13.254 | INFO     | __main__:main:160 - ================= END =================
2024-01-23 00:12:59.139 | INFO     | __main__:main:97 - Demo options: 
 Namespace(cfg='data/pare/checkpoints/pare_w_3dpw_config.yaml', ckpt='data/pare/checkpoints/pare_w_3dpw_checkpoint.ckpt', exp='', mode='video', vid_file='/content/drive/MyDrive/1st-year-project/Study1/Stimuli_psRec/COCO_train2014_000000162102.jpg', image_folder=None, output_folder='/content/drive/MyDrive/1st-year-project/Study1/Annotation/PARE_logs/demo', tracking_method='bbox', detector='yolo', yolo_img_size=416, tracker_batch_size=12, staf_dir='/home/mkocabas/developments/openposetrack', batch_size=16, display=False, smooth=False, min_cutoff=0.004, beta=1.0, no_render=False, no_save=False, wireframe=False, sideview=False, draw_keypoints=False, save_obj=False, smplify=False)
2024-01-23 00:12:59.489 | INFO     | pare.models.backbone.hrnet:init_weights:530 - => init weights from normal distribution
2024-01-23 00:12:59.713 | WARNING  | pare.models.backbone.hrnet:init_weights:558 - IMPORTANT WARNING!! Please download pre-trained models if you are in TRAINING mode!
2024-01-23 00:12:59.714 | INFO     | pare.models.head.pare_head:__init__:125 - "Keypoint Attention" should be activated to be able to use part segmentation
2024-01-23 00:12:59.714 | INFO     | pare.models.head.pare_head:__init__:126 - Overriding use_keypoint_attention
2024-01-23 00:12:59.730 | INFO     | pare.models.head.pare_head:__init__:327 - Keypoint attention is active
2024-01-23 00:13:00.140 | INFO     | pare.core.tester:_load_pretrained_model:117 - Loading pretrained model from data/pare/checkpoints/pare_w_3dpw_checkpoint.ckpt
2024-01-23 00:13:00.598 | WARNING  | pare.utils.train_utils:load_pretrained_model:45 - Removing "model." keyword from state_dict keys..
2024-01-23 00:13:00.664 | INFO     | pare.core.tester:_load_pretrained_model:120 - Loaded pretrained weights from "data/pare/checkpoints/pare_w_3dpw_checkpoint.ckpt"
2024-01-23 00:13:00.671 | INFO     | __main__:main:103 - Input video number of frames 1
2024-01-23 00:13:01.671 | INFO     | pare.core.tester:run_on_video:362 - Running PARE on each tracklet...
2024-01-23 00:13:02.834 | INFO     | pare.core.tester:run_on_video:437 - Converting smpl keypoints 2d to original image coordinate
2024-01-23 00:13:02.840 | INFO     | __main__:main:115 - PARE FPS: 0.86
2024-01-23 00:13:02.840 | INFO     | __main__:main:117 - Total time spent: 2.17 seconds (including model loading time).
2024-01-23 00:13:02.841 | INFO     | __main__:main:118 - Total FPS (including model loading time): 0.46.
2024-01-23 00:13:02.841 | INFO     | __main__:main:121 - Saving output results to "/content/drive/MyDrive/1st-year-project/Study1/Annotation/PARE_logs/demo/COCO_train2014_000000162102.jpg/pare_output.pkl".
2024-01-23 00:13:02.997 | INFO     | pare.core.tester:render_results:470 - Rendering output video, writing frames to /content/drive/MyDrive/1st-year-project/Study1/Annotation/PARE_logs/demo/COCO_train2014_000000162102.jpg/tmp_images_output
2024-01-23 00:13:03.467 | INFO     | __main__:main:132 - Saving result video to /content/drive/MyDrive/1st-year-project/Study1/Annotation/PARE_logs/demo/COCO_train2014_000000162102.jpg/COCO_train2014_000000162102.jpg__result.mp4
2024-01-23 00:13:03.703 | INFO     | __main__:main:160 - ================= END =================
2024-01-23 00:21:51.153 | INFO     | __main__:main:97 - Demo options: 
 Namespace(cfg='data/pare/checkpoints/pare_w_3dpw_config.yaml', ckpt='data/pare/checkpoints/pare_w_3dpw_checkpoint.ckpt', exp='', mode='video', vid_file='/content/drive/MyDrive/1st-year-project/Study1/Stimuli_psRec/COCO_train2014_000000162102.jpg', image_folder=None, output_folder='/content/drive/MyDrive/1st-year-project/Study1/Annotation/PARE_logs/demo', tracking_method='bbox', detector='yolo', yolo_img_size=416, tracker_batch_size=12, staf_dir='/home/mkocabas/developments/openposetrack', batch_size=16, display=False, smooth=False, min_cutoff=0.004, beta=1.0, no_render=False, no_save=False, wireframe=False, sideview=False, draw_keypoints=False, save_obj=False, smplify=False)
2024-01-23 00:21:51.715 | INFO     | pare.models.backbone.hrnet:init_weights:530 - => init weights from normal distribution
2024-01-23 00:21:52.100 | WARNING  | pare.models.backbone.hrnet:init_weights:558 - IMPORTANT WARNING!! Please download pre-trained models if you are in TRAINING mode!
2024-01-23 00:21:52.101 | INFO     | pare.models.head.pare_head:__init__:125 - "Keypoint Attention" should be activated to be able to use part segmentation
2024-01-23 00:21:52.102 | INFO     | pare.models.head.pare_head:__init__:126 - Overriding use_keypoint_attention
2024-01-23 00:21:52.137 | INFO     | pare.models.head.pare_head:__init__:327 - Keypoint attention is active
2024-01-23 00:21:52.645 | INFO     | pare.core.tester:_load_pretrained_model:117 - Loading pretrained model from data/pare/checkpoints/pare_w_3dpw_checkpoint.ckpt
2024-01-23 00:21:53.251 | WARNING  | pare.utils.train_utils:load_pretrained_model:45 - Removing "model." keyword from state_dict keys..
2024-01-23 00:21:53.368 | INFO     | pare.core.tester:_load_pretrained_model:120 - Loaded pretrained weights from "data/pare/checkpoints/pare_w_3dpw_checkpoint.ckpt"
2024-01-23 00:21:53.376 | INFO     | __main__:main:103 - Input video number of frames 1
2024-01-23 00:21:54.353 | INFO     | pare.core.tester:run_on_video:362 - Running PARE on each tracklet...
2024-01-23 00:21:55.371 | INFO     | pare.core.tester:run_on_video:437 - Converting smpl keypoints 2d to original image coordinate
2024-01-23 00:21:55.378 | INFO     | __main__:main:115 - PARE FPS: 0.98
2024-01-23 00:21:55.379 | INFO     | __main__:main:117 - Total time spent: 2.00 seconds (including model loading time).
2024-01-23 00:21:55.379 | INFO     | __main__:main:118 - Total FPS (including model loading time): 0.50.
2024-01-23 00:21:55.379 | INFO     | __main__:main:121 - Saving output results to "/content/drive/MyDrive/1st-year-project/Study1/Annotation/PARE_logs/demo/COCO_train2014_000000162102.jpg/pare_output.pkl".
2024-01-23 00:21:55.536 | INFO     | pare.core.tester:render_results:470 - Rendering output video, writing frames to /content/drive/MyDrive/1st-year-project/Study1/Annotation/PARE_logs/demo/COCO_train2014_000000162102.jpg/tmp_images_output
2024-01-23 00:21:55.981 | INFO     | __main__:main:132 - Saving result video to /content/drive/MyDrive/1st-year-project/Study1/Annotation/PARE_logs/demo/COCO_train2014_000000162102.jpg/COCO_train2014_000000162102.jpg__result.mp4
2024-01-23 00:21:56.205 | INFO     | __main__:main:160 - ================= END =================
2024-01-23 00:23:49.321 | INFO     | __main__:main:97 - Demo options: 
 Namespace(cfg='data/pare/checkpoints/pare_w_3dpw_config.yaml', ckpt='data/pare/checkpoints/pare_w_3dpw_checkpoint.ckpt', exp='', mode='video', vid_file='/content/drive/MyDrive/1st-year-project/Study1/Stimuli_psRec/COCO_train2014_000000162102.jpg', image_folder=None, output_folder='/content/drive/MyDrive/1st-year-project/Study1/Annotation/PARE_logs/demo', tracking_method='bbox', detector='yolo', yolo_img_size=416, tracker_batch_size=12, staf_dir='/home/mkocabas/developments/openposetrack', batch_size=16, display=False, smooth=False, min_cutoff=0.004, beta=1.0, no_render=False, no_save=False, wireframe=False, sideview=False, draw_keypoints=False, save_obj=False, smplify=False)
2024-01-23 00:23:49.939 | INFO     | pare.models.backbone.hrnet:init_weights:530 - => init weights from normal distribution
2024-01-23 00:23:50.330 | WARNING  | pare.models.backbone.hrnet:init_weights:558 - IMPORTANT WARNING!! Please download pre-trained models if you are in TRAINING mode!
2024-01-23 00:23:50.331 | INFO     | pare.models.head.pare_head:__init__:125 - "Keypoint Attention" should be activated to be able to use part segmentation
2024-01-23 00:23:50.332 | INFO     | pare.models.head.pare_head:__init__:126 - Overriding use_keypoint_attention
2024-01-23 00:23:50.361 | INFO     | pare.models.head.pare_head:__init__:327 - Keypoint attention is active
2024-01-23 00:23:50.880 | INFO     | pare.core.tester:_load_pretrained_model:117 - Loading pretrained model from data/pare/checkpoints/pare_w_3dpw_checkpoint.ckpt
2024-01-23 00:23:51.463 | WARNING  | pare.utils.train_utils:load_pretrained_model:45 - Removing "model." keyword from state_dict keys..
2024-01-23 00:23:51.573 | INFO     | pare.core.tester:_load_pretrained_model:120 - Loaded pretrained weights from "data/pare/checkpoints/pare_w_3dpw_checkpoint.ckpt"
2024-01-23 00:23:51.585 | INFO     | __main__:main:103 - Input video number of frames 1
2024-01-23 00:23:53.076 | INFO     | pare.core.tester:run_on_video:362 - Running PARE on each tracklet...
2024-01-23 00:23:54.270 | INFO     | pare.core.tester:run_on_video:437 - Converting smpl keypoints 2d to original image coordinate
2024-01-23 00:23:54.276 | INFO     | __main__:main:115 - PARE FPS: 0.84
2024-01-23 00:23:54.277 | INFO     | __main__:main:117 - Total time spent: 2.69 seconds (including model loading time).
2024-01-23 00:23:54.277 | INFO     | __main__:main:118 - Total FPS (including model loading time): 0.37.
2024-01-23 00:23:54.278 | INFO     | __main__:main:121 - Saving output results to "/content/drive/MyDrive/1st-year-project/Study1/Annotation/PARE_logs/demo/COCO_train2014_000000162102.jpg/pare_output.pkl".
2024-01-23 00:23:54.436 | INFO     | pare.core.tester:render_results:470 - Rendering output video, writing frames to /content/drive/MyDrive/1st-year-project/Study1/Annotation/PARE_logs/demo/COCO_train2014_000000162102.jpg/tmp_images_output
2024-01-23 00:23:54.959 | INFO     | __main__:main:132 - Saving result video to /content/drive/MyDrive/1st-year-project/Study1/Annotation/PARE_logs/demo/COCO_train2014_000000162102.jpg/COCO_train2014_000000162102.jpg__result.mp4
2024-01-23 00:23:55.212 | INFO     | __main__:main:160 - ================= END =================
2024-01-23 00:29:06.872 | INFO     | __main__:main:97 - Demo options: 
 Namespace(cfg='data/pare/checkpoints/pare_w_3dpw_config.yaml', ckpt='data/pare/checkpoints/pare_w_3dpw_checkpoint.ckpt', exp='', mode='video', vid_file='/content/drive/MyDrive/1st-year-project/Study1/Stimuli_psRec/COCO_train2014_000000162102.jpg', image_folder=None, output_folder='/content/drive/MyDrive/1st-year-project/Study1/Annotation/PARE_logs/demo', tracking_method='bbox', detector='yolo', yolo_img_size=416, tracker_batch_size=12, staf_dir='/home/mkocabas/developments/openposetrack', batch_size=16, display=False, smooth=False, min_cutoff=0.004, beta=1.0, no_render=False, no_save=False, wireframe=False, sideview=False, draw_keypoints=False, save_obj=False, smplify=False)
2024-01-23 00:29:07.479 | INFO     | pare.models.backbone.hrnet:init_weights:530 - => init weights from normal distribution
2024-01-23 00:29:07.834 | WARNING  | pare.models.backbone.hrnet:init_weights:558 - IMPORTANT WARNING!! Please download pre-trained models if you are in TRAINING mode!
2024-01-23 00:29:07.835 | INFO     | pare.models.head.pare_head:__init__:125 - "Keypoint Attention" should be activated to be able to use part segmentation
2024-01-23 00:29:07.836 | INFO     | pare.models.head.pare_head:__init__:126 - Overriding use_keypoint_attention
2024-01-23 00:29:07.860 | INFO     | pare.models.head.pare_head:__init__:327 - Keypoint attention is active
2024-01-23 00:29:08.370 | INFO     | pare.core.tester:_load_pretrained_model:117 - Loading pretrained model from data/pare/checkpoints/pare_w_3dpw_checkpoint.ckpt
2024-01-23 00:29:08.944 | WARNING  | pare.utils.train_utils:load_pretrained_model:45 - Removing "model." keyword from state_dict keys..
2024-01-23 00:29:09.064 | INFO     | pare.core.tester:_load_pretrained_model:120 - Loaded pretrained weights from "data/pare/checkpoints/pare_w_3dpw_checkpoint.ckpt"
2024-01-23 00:29:09.077 | INFO     | __main__:main:103 - Input video number of frames 1
2024-01-23 00:29:10.542 | INFO     | pare.core.tester:run_on_video:362 - Running PARE on each tracklet...
2024-01-23 00:29:11.569 | INFO     | pare.core.tester:run_on_video:437 - Converting smpl keypoints 2d to original image coordinate
2024-01-23 00:29:11.575 | INFO     | __main__:main:115 - PARE FPS: 0.97
2024-01-23 00:29:11.576 | INFO     | __main__:main:117 - Total time spent: 2.50 seconds (including model loading time).
2024-01-23 00:29:11.577 | INFO     | __main__:main:118 - Total FPS (including model loading time): 0.40.
2024-01-23 00:29:11.577 | INFO     | __main__:main:121 - Saving output results to "/content/drive/MyDrive/1st-year-project/Study1/Annotation/PARE_logs/demo/COCO_train2014_000000162102.jpg/pare_output.pkl".
2024-01-23 00:29:11.747 | INFO     | pare.core.tester:render_results:470 - Rendering output video, writing frames to /content/drive/MyDrive/1st-year-project/Study1/Annotation/PARE_logs/demo/COCO_train2014_000000162102.jpg/tmp_images_output
2024-01-23 00:29:12.241 | INFO     | __main__:main:132 - Saving result video to /content/drive/MyDrive/1st-year-project/Study1/Annotation/PARE_logs/demo/COCO_train2014_000000162102.jpg/COCO_train2014_000000162102.jpg__result.mp4
2024-01-23 00:29:12.481 | INFO     | __main__:main:160 - ================= END =================
2024-01-23 00:30:39.572 | INFO     | __main__:main:97 - Demo options: 
 Namespace(cfg='data/pare/checkpoints/pare_w_3dpw_config.yaml', ckpt='data/pare/checkpoints/pare_w_3dpw_checkpoint.ckpt', exp='', mode='video', vid_file='/content/drive/MyDrive/1st-year-project/Study1/Stimuli_psRec/COCO_train2014_000000162102.jpg', image_folder=None, output_folder='/content/drive/MyDrive/1st-year-project/Study1/Annotation/PARE_logs/demo', tracking_method='bbox', detector='yolo', yolo_img_size=416, tracker_batch_size=12, staf_dir='/home/mkocabas/developments/openposetrack', batch_size=16, display=False, smooth=False, min_cutoff=0.004, beta=1.0, no_render=False, no_save=False, wireframe=False, sideview=False, draw_keypoints=False, save_obj=False, smplify=False)
2024-01-23 00:30:40.176 | INFO     | pare.models.backbone.hrnet:init_weights:530 - => init weights from normal distribution
2024-01-23 00:30:40.536 | WARNING  | pare.models.backbone.hrnet:init_weights:558 - IMPORTANT WARNING!! Please download pre-trained models if you are in TRAINING mode!
2024-01-23 00:30:40.537 | INFO     | pare.models.head.pare_head:__init__:125 - "Keypoint Attention" should be activated to be able to use part segmentation
2024-01-23 00:30:40.537 | INFO     | pare.models.head.pare_head:__init__:126 - Overriding use_keypoint_attention
2024-01-23 00:30:40.561 | INFO     | pare.models.head.pare_head:__init__:327 - Keypoint attention is active
2024-01-23 00:30:41.059 | INFO     | pare.core.tester:_load_pretrained_model:117 - Loading pretrained model from data/pare/checkpoints/pare_w_3dpw_checkpoint.ckpt
2024-01-23 00:30:41.611 | WARNING  | pare.utils.train_utils:load_pretrained_model:45 - Removing "model." keyword from state_dict keys..
2024-01-23 00:30:41.723 | INFO     | pare.core.tester:_load_pretrained_model:120 - Loaded pretrained weights from "data/pare/checkpoints/pare_w_3dpw_checkpoint.ckpt"
2024-01-23 00:30:41.735 | INFO     | __main__:main:103 - Input video number of frames 1
2024-01-23 00:30:43.245 | INFO     | pare.core.tester:run_on_video:362 - Running PARE on each tracklet...
2024-01-23 00:30:44.333 | INFO     | pare.core.tester:run_on_video:437 - Converting smpl keypoints 2d to original image coordinate
2024-01-23 00:30:44.339 | INFO     | __main__:main:115 - PARE FPS: 0.92
2024-01-23 00:30:44.340 | INFO     | __main__:main:117 - Total time spent: 2.60 seconds (including model loading time).
2024-01-23 00:30:44.340 | INFO     | __main__:main:118 - Total FPS (including model loading time): 0.38.
2024-01-23 00:30:44.340 | INFO     | __main__:main:121 - Saving output results to "/content/drive/MyDrive/1st-year-project/Study1/Annotation/PARE_logs/demo/COCO_train2014_000000162102.jpg/pare_output.pkl".
2024-01-23 00:30:44.502 | INFO     | pare.core.tester:render_results:470 - Rendering output video, writing frames to /content/drive/MyDrive/1st-year-project/Study1/Annotation/PARE_logs/demo/COCO_train2014_000000162102.jpg/tmp_images_output
2024-01-23 00:30:44.993 | INFO     | __main__:main:132 - Saving result video to /content/drive/MyDrive/1st-year-project/Study1/Annotation/PARE_logs/demo/COCO_train2014_000000162102.jpg/COCO_train2014_000000162102.jpg__result.mp4
2024-01-23 00:30:45.224 | INFO     | __main__:main:160 - ================= END =================
2024-01-23 00:34:43.865 | INFO     | __main__:main:97 - Demo options: 
 Namespace(cfg='data/pare/checkpoints/pare_w_3dpw_config.yaml', ckpt='data/pare/checkpoints/pare_w_3dpw_checkpoint.ckpt', exp='', mode='video', vid_file='/content/drive/MyDrive/1st-year-project/Study1/Stimuli_psRec/COCO_train2014_000000162102.jpg', image_folder=None, output_folder='/content/drive/MyDrive/1st-year-project/Study1/Annotation/PARE_logs/demo', tracking_method='bbox', detector='yolo', yolo_img_size=416, tracker_batch_size=12, staf_dir='/home/mkocabas/developments/openposetrack', batch_size=16, display=False, smooth=False, min_cutoff=0.004, beta=1.0, no_render=False, no_save=False, wireframe=False, sideview=False, draw_keypoints=False, save_obj=False, smplify=False)
2024-01-23 00:34:44.209 | INFO     | pare.models.backbone.hrnet:init_weights:530 - => init weights from normal distribution
2024-01-23 00:34:44.425 | WARNING  | pare.models.backbone.hrnet:init_weights:558 - IMPORTANT WARNING!! Please download pre-trained models if you are in TRAINING mode!
2024-01-23 00:34:44.426 | INFO     | pare.models.head.pare_head:__init__:125 - "Keypoint Attention" should be activated to be able to use part segmentation
2024-01-23 00:34:44.427 | INFO     | pare.models.head.pare_head:__init__:126 - Overriding use_keypoint_attention
2024-01-23 00:34:44.442 | INFO     | pare.models.head.pare_head:__init__:327 - Keypoint attention is active
2024-01-23 00:34:44.859 | INFO     | pare.core.tester:_load_pretrained_model:117 - Loading pretrained model from data/pare/checkpoints/pare_w_3dpw_checkpoint.ckpt
2024-01-23 00:34:45.308 | WARNING  | pare.utils.train_utils:load_pretrained_model:45 - Removing "model." keyword from state_dict keys..
2024-01-23 00:34:45.376 | INFO     | pare.core.tester:_load_pretrained_model:120 - Loaded pretrained weights from "data/pare/checkpoints/pare_w_3dpw_checkpoint.ckpt"
2024-01-23 00:34:45.384 | INFO     | __main__:main:103 - Input video number of frames 1
2024-01-23 00:34:46.355 | INFO     | pare.core.tester:run_on_video:362 - Running PARE on each tracklet...
2024-01-23 00:34:47.407 | INFO     | pare.core.tester:run_on_video:437 - Converting smpl keypoints 2d to original image coordinate
2024-01-23 00:34:47.414 | INFO     | __main__:main:115 - PARE FPS: 0.95
2024-01-23 00:34:47.414 | INFO     | __main__:main:117 - Total time spent: 2.03 seconds (including model loading time).
2024-01-23 00:34:47.415 | INFO     | __main__:main:118 - Total FPS (including model loading time): 0.49.
2024-01-23 00:34:47.415 | INFO     | __main__:main:121 - Saving output results to "/content/drive/MyDrive/1st-year-project/Study1/Annotation/PARE_logs/demo/COCO_train2014_000000162102.jpg/pare_output.pkl".
2024-01-23 00:34:47.576 | INFO     | pare.core.tester:render_results:470 - Rendering output video, writing frames to /content/drive/MyDrive/1st-year-project/Study1/Annotation/PARE_logs/demo/COCO_train2014_000000162102.jpg/tmp_images_output
2024-01-23 00:34:48.081 | INFO     | __main__:main:132 - Saving result video to /content/drive/MyDrive/1st-year-project/Study1/Annotation/PARE_logs/demo/COCO_train2014_000000162102.jpg/COCO_train2014_000000162102.jpg__result.mp4
2024-01-23 00:34:48.340 | INFO     | __main__:main:160 - ================= END =================
2024-01-23 00:37:20.554 | INFO     | __main__:main:97 - Demo options: 
 Namespace(cfg='data/pare/checkpoints/pare_w_3dpw_config.yaml', ckpt='data/pare/checkpoints/pare_w_3dpw_checkpoint.ckpt', exp='', mode='video', vid_file='/content/drive/MyDrive/1st-year-project/Study1/Stimuli_psRec/COCO_train2014_000000162102.jpg', image_folder=None, output_folder='/content/drive/MyDrive/1st-year-project/Study1/Annotation/PARE_logs/demo', tracking_method='bbox', detector='yolo', yolo_img_size=416, tracker_batch_size=12, staf_dir='/home/mkocabas/developments/openposetrack', batch_size=16, display=False, smooth=False, min_cutoff=0.004, beta=1.0, no_render=False, no_save=False, wireframe=False, sideview=False, draw_keypoints=False, save_obj=False, smplify=False)
2024-01-23 00:37:20.986 | INFO     | pare.models.backbone.hrnet:init_weights:530 - => init weights from normal distribution
2024-01-23 00:37:21.206 | WARNING  | pare.models.backbone.hrnet:init_weights:558 - IMPORTANT WARNING!! Please download pre-trained models if you are in TRAINING mode!
2024-01-23 00:37:21.206 | INFO     | pare.models.head.pare_head:__init__:125 - "Keypoint Attention" should be activated to be able to use part segmentation
2024-01-23 00:37:21.207 | INFO     | pare.models.head.pare_head:__init__:126 - Overriding use_keypoint_attention
2024-01-23 00:37:21.222 | INFO     | pare.models.head.pare_head:__init__:327 - Keypoint attention is active
2024-01-23 00:37:21.638 | INFO     | pare.core.tester:_load_pretrained_model:117 - Loading pretrained model from data/pare/checkpoints/pare_w_3dpw_checkpoint.ckpt
2024-01-23 00:37:22.092 | WARNING  | pare.utils.train_utils:load_pretrained_model:45 - Removing "model." keyword from state_dict keys..
2024-01-23 00:37:22.164 | INFO     | pare.core.tester:_load_pretrained_model:120 - Loaded pretrained weights from "data/pare/checkpoints/pare_w_3dpw_checkpoint.ckpt"
2024-01-23 00:37:22.171 | INFO     | __main__:main:103 - Input video number of frames 1
2024-01-23 00:37:23.217 | INFO     | pare.core.tester:run_on_video:362 - Running PARE on each tracklet...
2024-01-23 00:37:24.571 | INFO     | pare.core.tester:run_on_video:437 - Converting smpl keypoints 2d to original image coordinate
2024-01-23 00:37:24.578 | INFO     | __main__:main:115 - PARE FPS: 0.74
2024-01-23 00:37:24.578 | INFO     | __main__:main:117 - Total time spent: 2.41 seconds (including model loading time).
2024-01-23 00:37:24.579 | INFO     | __main__:main:118 - Total FPS (including model loading time): 0.42.
2024-01-23 00:37:24.579 | INFO     | __main__:main:121 - Saving output results to "/content/drive/MyDrive/1st-year-project/Study1/Annotation/PARE_logs/demo/COCO_train2014_000000162102.jpg/pare_output.pkl".
2024-01-23 00:37:24.742 | INFO     | pare.core.tester:render_results:470 - Rendering output video, writing frames to /content/drive/MyDrive/1st-year-project/Study1/Annotation/PARE_logs/demo/COCO_train2014_000000162102.jpg/tmp_images_output
2024-01-23 00:37:25.260 | INFO     | __main__:main:132 - Saving result video to /content/drive/MyDrive/1st-year-project/Study1/Annotation/PARE_logs/demo/COCO_train2014_000000162102.jpg/COCO_train2014_000000162102.jpg__result.mp4
2024-01-23 00:37:25.491 | INFO     | __main__:main:160 - ================= END =================
2024-01-23 00:42:26.470 | INFO     | __main__:main:97 - Demo options: 
 Namespace(cfg='data/pare/checkpoints/pare_w_3dpw_config.yaml', ckpt='data/pare/checkpoints/pare_w_3dpw_checkpoint.ckpt', exp='', mode='video', vid_file='/content/drive/MyDrive/1st-year-project/Study1/Stimuli_psRec/COCO_train2014_000000162102.jpg', image_folder=None, output_folder='/content/drive/MyDrive/1st-year-project/Study1/Annotation/PARE_logs/demo', tracking_method='bbox', detector='yolo', yolo_img_size=416, tracker_batch_size=12, staf_dir='/home/mkocabas/developments/openposetrack', batch_size=16, display=False, smooth=False, min_cutoff=0.004, beta=1.0, no_render=False, no_save=False, wireframe=False, sideview=False, draw_keypoints=False, save_obj=False, smplify=False)
2024-01-23 00:42:27.048 | INFO     | pare.models.backbone.hrnet:init_weights:530 - => init weights from normal distribution
2024-01-23 00:42:27.429 | WARNING  | pare.models.backbone.hrnet:init_weights:558 - IMPORTANT WARNING!! Please download pre-trained models if you are in TRAINING mode!
2024-01-23 00:42:27.430 | INFO     | pare.models.head.pare_head:__init__:125 - "Keypoint Attention" should be activated to be able to use part segmentation
2024-01-23 00:42:27.430 | INFO     | pare.models.head.pare_head:__init__:126 - Overriding use_keypoint_attention
2024-01-23 00:42:27.456 | INFO     | pare.models.head.pare_head:__init__:327 - Keypoint attention is active
2024-01-23 00:42:27.979 | INFO     | pare.core.tester:_load_pretrained_model:117 - Loading pretrained model from data/pare/checkpoints/pare_w_3dpw_checkpoint.ckpt
2024-01-23 00:42:28.572 | WARNING  | pare.utils.train_utils:load_pretrained_model:45 - Removing "model." keyword from state_dict keys..
2024-01-23 00:42:28.690 | INFO     | pare.core.tester:_load_pretrained_model:120 - Loaded pretrained weights from "data/pare/checkpoints/pare_w_3dpw_checkpoint.ckpt"
2024-01-23 00:42:28.704 | INFO     | __main__:main:103 - Input video number of frames 1
2024-01-23 00:42:30.244 | INFO     | pare.core.tester:run_on_video:362 - Running PARE on each tracklet...
2024-01-23 00:42:31.519 | INFO     | pare.core.tester:run_on_video:437 - Converting smpl keypoints 2d to original image coordinate
2024-01-23 00:42:31.526 | INFO     | __main__:main:115 - PARE FPS: 0.78
2024-01-23 00:42:31.526 | INFO     | __main__:main:117 - Total time spent: 2.82 seconds (including model loading time).
2024-01-23 00:42:31.527 | INFO     | __main__:main:118 - Total FPS (including model loading time): 0.35.
2024-01-23 00:42:31.527 | INFO     | __main__:main:121 - Saving output results to "/content/drive/MyDrive/1st-year-project/Study1/Annotation/PARE_logs/demo/COCO_train2014_000000162102.jpg/pare_output.pkl".
2024-01-23 00:42:31.696 | INFO     | pare.core.tester:render_results:470 - Rendering output video, writing frames to /content/drive/MyDrive/1st-year-project/Study1/Annotation/PARE_logs/demo/COCO_train2014_000000162102.jpg/tmp_images_output
2024-01-23 00:42:32.201 | INFO     | __main__:main:132 - Saving result video to /content/drive/MyDrive/1st-year-project/Study1/Annotation/PARE_logs/demo/COCO_train2014_000000162102.jpg/COCO_train2014_000000162102.jpg__result.mp4
2024-01-23 00:42:32.456 | INFO     | __main__:main:160 - ================= END =================
